g:\projectfiles\draggableaxes_socket\draggableaxes_socket\x64\debug\vc120.pdb
g:\projectfiles\draggableaxes_socket\draggableaxes_socket\x64\debug\winsocketclient.obj
g:\projectfiles\draggableaxes_socket\draggableaxes_socket\x64\debug\main.obj
g:\projectfiles\draggableaxes_socket\draggableaxes_socket\x64\debug\moc_draggableaxes_socket.obj
g:\projectfiles\draggableaxes_socket\draggableaxes_socket\x64\debug\moc_data.obj
g:\projectfiles\draggableaxes_socket\draggableaxes_socket\x64\debug\moc_axesinputhandler.obj
g:\projectfiles\draggableaxes_socket\draggableaxes_socket\x64\debug\draggableaxes_socket.obj
g:\projectfiles\draggableaxes_socket\draggableaxes_socket\x64\debug\data.obj
g:\projectfiles\draggableaxes_socket\draggableaxes_socket\x64\debug\axesinputhandler.obj
g:\projectfiles\draggableaxes_socket\draggableaxes_socket\x64\debug\qrc_draggableaxes_socket.obj
g:\projectfiles\draggableaxes_socket\draggableaxes_socket\generatedfiles\debug\moc_draggableaxes_socket.cpp
g:\projectfiles\draggableaxes_socket\draggableaxes_socket\generatedfiles\ui_draggableaxes_socket.h
g:\projectfiles\draggableaxes_socket\draggableaxes_socket\generatedfiles\debug\moc_data.cpp
g:\projectfiles\draggableaxes_socket\draggableaxes_socket\generatedfiles\debug\moc_axesinputhandler.cpp
g:\projectfiles\draggableaxes_socket\draggableaxes_socket\generatedfiles\qrc_draggableaxes_socket.cpp
g:\projectfiles\draggableaxes_socket\x64\debug\draggableaxes_socket.pdb
g:\projectfiles\draggableaxes_socket\x64\debug\draggableaxes_socket.exe
g:\projectfiles\draggableaxes_socket\x64\debug\draggableaxes_socket.ilk
g:\projectfiles\draggableaxes_socket\draggableaxes_socket\x64\debug\draggabl.b12702ad.tlog\cl.command.1.tlog
g:\projectfiles\draggableaxes_socket\draggableaxes_socket\x64\debug\draggabl.b12702ad.tlog\cl.read.1.tlog
g:\projectfiles\draggableaxes_socket\draggableaxes_socket\x64\debug\draggabl.b12702ad.tlog\cl.write.1.tlog
g:\projectfiles\draggableaxes_socket\draggableaxes_socket\x64\debug\draggabl.b12702ad.tlog\custombuild.command.1.tlog
g:\projectfiles\draggableaxes_socket\draggableaxes_socket\x64\debug\draggabl.b12702ad.tlog\custombuild.read.1.tlog
g:\projectfiles\draggableaxes_socket\draggableaxes_socket\x64\debug\draggabl.b12702ad.tlog\custombuild.write.1.tlog
g:\projectfiles\draggableaxes_socket\draggableaxes_socket\x64\debug\draggabl.b12702ad.tlog\link.command.1.tlog
g:\projectfiles\draggableaxes_socket\draggableaxes_socket\x64\debug\draggabl.b12702ad.tlog\link.read.1.tlog
g:\projectfiles\draggableaxes_socket\draggableaxes_socket\x64\debug\draggabl.b12702ad.tlog\link.write.1.tlog
