e:\projectfiles\dynamictrack3d(qt)_socket\dynamic3dtracking\x64\debug\deformationmeasure.pch
e:\projectfiles\dynamictrack3d(qt)_socket\dynamic3dtracking\x64\debug\vc120.pdb
e:\projectfiles\dynamictrack3d(qt)_socket\dynamic3dtracking\x64\debug\stdafx.obj
e:\projectfiles\dynamictrack3d(qt)_socket\dynamic3dtracking\x64\debug\tinyxmlparser.obj
e:\projectfiles\dynamictrack3d(qt)_socket\dynamic3dtracking\x64\debug\tinyxmlerror.obj
e:\projectfiles\dynamictrack3d(qt)_socket\dynamic3dtracking\x64\debug\tinyxml.obj
e:\projectfiles\dynamictrack3d(qt)_socket\dynamic3dtracking\x64\debug\tinystr.obj
e:\projectfiles\dynamictrack3d(qt)_socket\dynamic3dtracking\x64\debug\xmlwriter.obj
e:\projectfiles\dynamictrack3d(qt)_socket\dynamic3dtracking\x64\debug\xmlreader.obj
e:\projectfiles\dynamictrack3d(qt)_socket\dynamic3dtracking\x64\debug\winsocketclient.obj
e:\projectfiles\dynamictrack3d(qt)_socket\dynamic3dtracking\x64\debug\pcamera.obj
e:\projectfiles\dynamictrack3d(qt)_socket\dynamic3dtracking\x64\debug\main.obj
e:\projectfiles\dynamictrack3d(qt)_socket\dynamic3dtracking\x64\debug\dynamictrackdlg.obj
e:\projectfiles\dynamictrack3d(qt)_socket\dynamic3dtracking\x64\debug\dynamic3dtracking.obj
e:\projectfiles\dynamictrack3d(qt)_socket\dynamic3dtracking\x64\debug\corealgorithm.obj
e:\projectfiles\dynamictrack3d(qt)_socket\dynamic3dtracking\x64\debug\condensation.obj
e:\projectfiles\dynamictrack3d(qt)_socket\dynamic3dtracking\x64\debug\clpmeasurement.obj
e:\projectfiles\dynamictrack3d(qt)_socket\dynamic3dtracking\x64\debug\camcapthread.obj
e:\projectfiles\dynamictrack3d(qt)_socket\dynamic3dtracking\x64\debug\moc_dynamictrackdlg.obj
e:\projectfiles\dynamictrack3d(qt)_socket\dynamic3dtracking\x64\debug\moc_dynamic3dtracking.obj
e:\projectfiles\dynamictrack3d(qt)_socket\dynamic3dtracking\x64\debug\moc_camcapthread.obj
e:\projectfiles\dynamictrack3d(qt)_socket\dynamic3dtracking\x64\debug\qrc_dynamic3dtracking.obj
e:\projectfiles\dynamictrack3d(qt)_socket\dynamic3dtracking\generatedfiles\qrc_dynamic3dtracking.cpp
e:\projectfiles\dynamictrack3d(qt)_socket\dynamic3dtracking\generatedfiles\ui_dynamictrackdlg.h
e:\projectfiles\dynamictrack3d(qt)_socket\dynamic3dtracking\generatedfiles\debug\moc_dynamictrackdlg.cpp
e:\projectfiles\dynamictrack3d(qt)_socket\dynamic3dtracking\generatedfiles\debug\moc_camcapthread.cpp
e:\projectfiles\dynamictrack3d(qt)_socket\dynamic3dtracking\generatedfiles\debug\moc_dynamic3dtracking.cpp
e:\projectfiles\dynamictrack3d(qt)_socket\dynamic3dtracking\generatedfiles\ui_dynamic3dtracking.h
e:\projectfiles\dynamictrack3d(qt)_socket\x64\debug\deformationmeasure.pdb
e:\projectfiles\dynamictrack3d(qt)_socket\x64\debug\deformationmeasure.exe
e:\projectfiles\dynamictrack3d(qt)_socket\x64\debug\deformationmeasure.ilk
e:\projectfiles\dynamictrack3d(qt)_socket\dynamic3dtracking\x64\debug\deformat.b12702ad.tlog\cl.command.1.tlog
e:\projectfiles\dynamictrack3d(qt)_socket\dynamic3dtracking\x64\debug\deformat.b12702ad.tlog\cl.read.1.tlog
e:\projectfiles\dynamictrack3d(qt)_socket\dynamic3dtracking\x64\debug\deformat.b12702ad.tlog\cl.write.1.tlog
e:\projectfiles\dynamictrack3d(qt)_socket\dynamic3dtracking\x64\debug\deformat.b12702ad.tlog\custombuild.command.1.tlog
e:\projectfiles\dynamictrack3d(qt)_socket\dynamic3dtracking\x64\debug\deformat.b12702ad.tlog\custombuild.read.1.tlog
e:\projectfiles\dynamictrack3d(qt)_socket\dynamic3dtracking\x64\debug\deformat.b12702ad.tlog\custombuild.write.1.tlog
e:\projectfiles\dynamictrack3d(qt)_socket\dynamic3dtracking\x64\debug\deformat.b12702ad.tlog\link.command.1.tlog
e:\projectfiles\dynamictrack3d(qt)_socket\dynamic3dtracking\x64\debug\deformat.b12702ad.tlog\link.read.1.tlog
e:\projectfiles\dynamictrack3d(qt)_socket\dynamic3dtracking\x64\debug\deformat.b12702ad.tlog\link.write.1.tlog
