生成启动时间为 2018/1/24 17:14:10。
     1>项目“E:\ProjectFiles\DynamicTrack3D(QT)_Socket\Dynamic3DTracking\Dynamic3DTracking.vcxproj”在节点 2 上(Build 个目标)。
     1>C:\Program Files (x86)\MSBuild\Microsoft.Cpp\v4.0\V120\Microsoft.CppBuild.targets(381,5): warning MSB8028: The intermediate directory (x64\Debug\) contains files shared from another project (Dynamic3DTracking.vcxproj).  This can lead to incorrect clean and rebuild behavior.
     1>C:\Program Files (x86)\MSBuild\Microsoft.Cpp\v4.0\V120\Microsoft.CppBuild.targets(935,5): warning MSB8027: Two or more files with the name of moc_CamCapThread.cpp will produce outputs to the same location. This can lead to an incorrect build result.  The files involved are GeneratedFiles\Debug\moc_CamCapThread.cpp, GeneratedFiles\Release\moc_CamCapThread.cpp.
     1>C:\Program Files (x86)\MSBuild\Microsoft.Cpp\v4.0\V120\Microsoft.CppBuild.targets(935,5): warning MSB8027: Two or more files with the name of moc_dynamic3dtracking.cpp will produce outputs to the same location. This can lead to an incorrect build result.  The files involved are GeneratedFiles\Debug\moc_dynamic3dtracking.cpp, GeneratedFiles\Release\moc_dynamic3dtracking.cpp.
     1>C:\Program Files (x86)\MSBuild\Microsoft.Cpp\v4.0\V120\Microsoft.CppBuild.targets(935,5): warning MSB8027: Two or more files with the name of moc_dynamictrackdlg.cpp will produce outputs to the same location. This can lead to an incorrect build result.  The files involved are GeneratedFiles\Debug\moc_dynamictrackdlg.cpp, GeneratedFiles\Release\moc_dynamictrackdlg.cpp.
     1>ClCompile:
         C:\ProGrammeFiles\VS2013\VC\bin\x86_amd64\CL.exe /c /I.\GeneratedFiles /I. /IC:\Qt\Qt5.7.1\5.7\msvc2013_64\include /I.\GeneratedFiles\Debug /IC:\Qt\Qt5.7.1\5.7\msvc2013_64\include\QtCore /IC:\Qt\Qt5.7.1\5.7\msvc2013_64\include\QtGui /IC:\Qt\Qt5.7.1\5.7\msvc2013_64\include\QtWidgets /Zi /nologo /W1 /WX- /Od /D UNICODE /D WIN32 /D WIN64 /D QT_DLL /D QT_CORE_LIB /D QWT_DLL /D QT_GUI_LIB /D QT_WIDGETS_LIB /D _UNICODE /D UNICODE /Gm- /EHsc /MDd /GS /fp:precise /Zc:wchar_t /Zc:forScope /Fo"x64\Debug\\" /Fd"x64\Debug\vc120.pdb" /Gd /TP /errorReport:prompt src\dynamictrackdlg.cpp
         dynamictrackdlg.cpp
     1>e:\projectfiles\dynamictrack3d(qt)_socket\dynamic3dtracking\src\GBK.h : warning C4819: 该文件包含不能在当前代码页(936)中表示的字符。请将该文件保存为 Unicode 格式以防止数据丢失
     1>D:\ProGrammeFiles\OpenCV3.1.0\opencv\build\include\opencv2/core/mat.hpp(1965): warning C4819: 该文件包含不能在当前代码页(936)中表示的字符。请将该文件保存为 Unicode 格式以防止数据丢失
     1>D:\ProGrammeFiles\OpenCV3.1.0\opencv\build\include\opencv2/core/persistence.hpp : warning C4819: 该文件包含不能在当前代码页(936)中表示的字符。请将该文件保存为 Unicode 格式以防止数据丢失
     1>D:\ProGrammeFiles\OpenCV3.1.0\opencv\build\include\opencv2/core/utility.hpp : warning C4819: 该文件包含不能在当前代码页(936)中表示的字符。请将该文件保存为 Unicode 格式以防止数据丢失
     1>e:\projectfiles\dynamictrack3d(qt)_socket\dynamic3dtracking\src\XMLReader.h : warning C4819: 该文件包含不能在当前代码页(936)中表示的字符。请将该文件保存为 Unicode 格式以防止数据丢失
     1>D:\ProGrammeFiles\FlyCapture2.9\include\FlyCapture2.h : warning C4819: 该文件包含不能在当前代码页(936)中表示的字符。请将该文件保存为 Unicode 格式以防止数据丢失
     1>d:\programmefiles\flycapture2.9\include\FlyCapture2Defs.h : warning C4819: 该文件包含不能在当前代码页(936)中表示的字符。请将该文件保存为 Unicode 格式以防止数据丢失
     1>d:\programmefiles\flycapture2.9\include\CameraBase.h : warning C4819: 该文件包含不能在当前代码页(936)中表示的字符。请将该文件保存为 Unicode 格式以防止数据丢失
     1>d:\programmefiles\flycapture2.9\include\GigECamera.h : warning C4819: 该文件包含不能在当前代码页(936)中表示的字符。请将该文件保存为 Unicode 格式以防止数据丢失
     1>d:\programmefiles\flycapture2.9\include\Utilities.h : warning C4819: 该文件包含不能在当前代码页(936)中表示的字符。请将该文件保存为 Unicode 格式以防止数据丢失
       Link:
         C:\ProGrammeFiles\VS2013\VC\bin\x86_amd64\link.exe /ERRORREPORT:PROMPT /OUT:"E:\ProjectFiles\DynamicTrack3D(QT)_Socket\x64\Debug\DeformationMeasure.exe" /NOLOGO /LIBPATH:C:\Qt\Qt5.7.1\5.7\msvc2013_64\lib qtmaind.lib Qt5Cored.lib Qt5Guid.lib Qt5Widgetsd.lib opencv_world310d.lib FlyCapture2.lib kernel32.lib user32.lib gdi32.lib winspool.lib comdlg32.lib advapi32.lib shell32.lib ole32.lib oleaut32.lib uuid.lib odbc32.lib odbccp32.lib /MANIFEST /MANIFESTUAC:"level='asInvoker' uiAccess='false'" /manifest:embed /DEBUG /PDB:"E:\ProjectFiles\DynamicTrack3D(QT)_Socket\x64\Debug\DeformationMeasure.pdb" /SUBSYSTEM:WINDOWS /TLBID:1 /DYNAMICBASE /NXCOMPAT /IMPLIB:"E:\ProjectFiles\DynamicTrack3D(QT)_Socket\x64\Debug\DeformationMeasure.lib" /MACHINE:X64 x64\Debug\moc_CamCapThread.obj
         x64\Debug\moc_dynamic3dtracking.obj
         x64\Debug\moc_dynamictrackdlg.obj
         x64\Debug\qrc_dynamic3dtracking.obj
         x64\Debug\CamCapThread.obj
         x64\Debug\ClpMeasurement.obj
         x64\Debug\Condensation.obj
         x64\Debug\CoreAlgorithm.obj
         x64\Debug\dynamic3dtracking.obj
         x64\Debug\dynamictrackdlg.obj
         x64\Debug\main.obj
         x64\Debug\pcamera.obj
         x64\Debug\stdafx.obj
         x64\Debug\winSocketClient.obj
         x64\Debug\XMLReader.obj
         x64\Debug\XMLWriter.obj
         x64\Debug\tinystr.obj
         x64\Debug\tinyxml.obj
         x64\Debug\tinyxmlerror.obj
         x64\Debug\tinyxmlparser.obj
         Dynamic3DTracking.vcxproj -> E:\ProjectFiles\DynamicTrack3D(QT)_Socket\x64\Debug\DeformationMeasure.exe
     1>已完成生成项目“E:\ProjectFiles\DynamicTrack3D(QT)_Socket\Dynamic3DTracking\Dynamic3DTracking.vcxproj”(Build 个目标)的操作。

生成成功。

已用时间 00:00:04.29
