e:\projectfiles\bak\dynamictrack3d(qt)_socket_bak(send data.txt)\dynamic3dtracking\x64\release\deformationmeasure.pch
e:\projectfiles\bak\dynamictrack3d(qt)_socket_bak(send data.txt)\dynamic3dtracking\x64\release\stdafx.obj
e:\projectfiles\bak\dynamictrack3d(qt)_socket_bak(send data.txt)\dynamic3dtracking\x64\release\tinyxmlparser.obj
e:\projectfiles\bak\dynamictrack3d(qt)_socket_bak(send data.txt)\dynamic3dtracking\x64\release\tinyxmlerror.obj
e:\projectfiles\bak\dynamictrack3d(qt)_socket_bak(send data.txt)\dynamic3dtracking\x64\release\tinyxml.obj
e:\projectfiles\bak\dynamictrack3d(qt)_socket_bak(send data.txt)\dynamic3dtracking\x64\release\tinystr.obj
e:\projectfiles\bak\dynamictrack3d(qt)_socket_bak(send data.txt)\dynamic3dtracking\x64\release\xmlwriter.obj
e:\projectfiles\bak\dynamictrack3d(qt)_socket_bak(send data.txt)\dynamic3dtracking\x64\release\xmlreader.obj
e:\projectfiles\bak\dynamictrack3d(qt)_socket_bak(send data.txt)\dynamic3dtracking\x64\release\winsocketclient.obj
e:\projectfiles\bak\dynamictrack3d(qt)_socket_bak(send data.txt)\dynamic3dtracking\x64\release\pcamera.obj
e:\projectfiles\bak\dynamictrack3d(qt)_socket_bak(send data.txt)\dynamic3dtracking\x64\release\main.obj
e:\projectfiles\bak\dynamictrack3d(qt)_socket_bak(send data.txt)\dynamic3dtracking\x64\release\dynamictrackdlg.obj
e:\projectfiles\bak\dynamictrack3d(qt)_socket_bak(send data.txt)\dynamic3dtracking\x64\release\dynamic3dtracking.obj
e:\projectfiles\bak\dynamictrack3d(qt)_socket_bak(send data.txt)\dynamic3dtracking\x64\release\corealgorithm.obj
e:\projectfiles\bak\dynamictrack3d(qt)_socket_bak(send data.txt)\dynamic3dtracking\x64\release\condensation.obj
e:\projectfiles\bak\dynamictrack3d(qt)_socket_bak(send data.txt)\dynamic3dtracking\x64\release\clpmeasurement.obj
e:\projectfiles\bak\dynamictrack3d(qt)_socket_bak(send data.txt)\dynamic3dtracking\x64\release\camcapthread.obj
e:\projectfiles\bak\dynamictrack3d(qt)_socket_bak(send data.txt)\dynamic3dtracking\x64\release\moc_dynamictrackdlg.obj
e:\projectfiles\bak\dynamictrack3d(qt)_socket_bak(send data.txt)\dynamic3dtracking\x64\release\moc_dynamic3dtracking.obj
e:\projectfiles\bak\dynamictrack3d(qt)_socket_bak(send data.txt)\dynamic3dtracking\x64\release\moc_camcapthread.obj
e:\projectfiles\bak\dynamictrack3d(qt)_socket_bak(send data.txt)\dynamic3dtracking\x64\release\qrc_dynamic3dtracking.obj
e:\projectfiles\bak\dynamictrack3d(qt)_socket_bak(send data.txt)\dynamic3dtracking\generatedfiles\qrc_dynamic3dtracking.cpp
e:\projectfiles\bak\dynamictrack3d(qt)_socket_bak(send data.txt)\dynamic3dtracking\generatedfiles\release\moc_dynamictrackdlg.cpp
e:\projectfiles\bak\dynamictrack3d(qt)_socket_bak(send data.txt)\dynamic3dtracking\generatedfiles\release\moc_camcapthread.cpp
e:\projectfiles\bak\dynamictrack3d(qt)_socket_bak(send data.txt)\dynamic3dtracking\generatedfiles\release\moc_dynamic3dtracking.cpp
e:\projectfiles\bak\dynamictrack3d(qt)_socket_bak(send data.txt)\dynamic3dtracking\generatedfiles\ui_dynamic3dtracking.h
e:\projectfiles\bak\dynamictrack3d(qt)_socket_bak(send data.txt)\dynamic3dtracking\generatedfiles\ui_dynamictrackdlg.h
e:\projectfiles\bak\dynamictrack3d(qt)_socket_bak(send data.txt)\x64\release\deformationmeasure.exe
e:\projectfiles\bak\dynamictrack3d(qt)_socket_bak(send data.txt)\dynamic3dtracking\x64\release\deformat.b12702ad.tlog\cl.command.1.tlog
e:\projectfiles\bak\dynamictrack3d(qt)_socket_bak(send data.txt)\dynamic3dtracking\x64\release\deformat.b12702ad.tlog\cl.read.1.tlog
e:\projectfiles\bak\dynamictrack3d(qt)_socket_bak(send data.txt)\dynamic3dtracking\x64\release\deformat.b12702ad.tlog\cl.write.1.tlog
e:\projectfiles\bak\dynamictrack3d(qt)_socket_bak(send data.txt)\dynamic3dtracking\x64\release\deformat.b12702ad.tlog\custombuild.command.1.tlog
e:\projectfiles\bak\dynamictrack3d(qt)_socket_bak(send data.txt)\dynamic3dtracking\x64\release\deformat.b12702ad.tlog\custombuild.read.1.tlog
e:\projectfiles\bak\dynamictrack3d(qt)_socket_bak(send data.txt)\dynamic3dtracking\x64\release\deformat.b12702ad.tlog\custombuild.write.1.tlog
e:\projectfiles\bak\dynamictrack3d(qt)_socket_bak(send data.txt)\dynamic3dtracking\x64\release\deformat.b12702ad.tlog\link.command.1.tlog
e:\projectfiles\bak\dynamictrack3d(qt)_socket_bak(send data.txt)\dynamic3dtracking\x64\release\deformat.b12702ad.tlog\link.read.1.tlog
e:\projectfiles\bak\dynamictrack3d(qt)_socket_bak(send data.txt)\dynamic3dtracking\x64\release\deformat.b12702ad.tlog\link.write.1.tlog
