生成启动时间为 2018/1/24 15:33:32。
     1>项目“G:\ProjectFiles\QMLProjectFiles\BAK\Draggableaxes_Socket(receive data.txt)\Draggableaxes_Socket\Draggableaxes_Socket.vcxproj”在节点 2 上(Build 个目标)。
     1>CustomBuild:
         Moc'ing draggableaxes_socket.h...
         Uic'ing draggableaxes_socket.ui...
         Moc'ing data.h...
         Moc'ing axesinputhandler.h...
         Rcc'ing draggableaxes_socket.qrc...
     1>RCC : warning : No resources in 'G:\ProjectFiles\QMLProjectFiles\BAK\Draggableaxes_Socket(receive data.txt)\Draggableaxes_Socket\draggableaxes_socket.qrc'.
         
     1>C:\Program Files (x86)\MSBuild\Microsoft.Cpp\v4.0\V120\Microsoft.CppBuild.targets(935,5): warning MSB8027: Two or more files with the name of moc_axesinputhandler.cpp will produce outputs to the same location. This can lead to an incorrect build result.  The files involved are GeneratedFiles\Debug\moc_axesinputhandler.cpp, GeneratedFiles\Release\moc_axesinputhandler.cpp.
     1>C:\Program Files (x86)\MSBuild\Microsoft.Cpp\v4.0\V120\Microsoft.CppBuild.targets(935,5): warning MSB8027: Two or more files with the name of moc_data.cpp will produce outputs to the same location. This can lead to an incorrect build result.  The files involved are GeneratedFiles\Debug\moc_data.cpp, GeneratedFiles\Release\moc_data.cpp.
     1>C:\Program Files (x86)\MSBuild\Microsoft.Cpp\v4.0\V120\Microsoft.CppBuild.targets(935,5): warning MSB8027: Two or more files with the name of moc_draggableaxes_socket.cpp will produce outputs to the same location. This can lead to an incorrect build result.  The files involved are GeneratedFiles\Debug\moc_draggableaxes_socket.cpp, GeneratedFiles\Release\moc_draggableaxes_socket.cpp.
       ClCompile:
         C:\ProgrammeFiles\VS2013\VC\bin\x86_amd64\CL.exe /c /I.\GeneratedFiles /I. /ID:\ProGrammeFiles\QT5.7.1\5.7\msvc2013_64\include /I.\GeneratedFiles\Release /ID:\ProGrammeFiles\QT5.7.1\5.7\msvc2013_64\include\QtCore /ID:\ProGrammeFiles\QT5.7.1\5.7\msvc2013_64\include\QtGui /ID:\ProGrammeFiles\QT5.7.1\5.7\msvc2013_64\include\QtWidgets /nologo /W1 /WX- /O2 /D UNICODE /D WIN32 /D WIN64 /D QT_DLL /D QT_NO_DEBUG /D NDEBUG /D QT_CORE_LIB /D QT_GUI_LIB /D QT_WIDGETS_LIB /Gm- /EHsc /MD /GS /fp:precise /Zc:wchar_t /Zc:forScope /Fo"x64\Release\\" /Fd"x64\Release\vc120.pdb" /Gd /TP /errorReport:prompt axesinputhandler.cpp data.cpp draggableaxes_socket.cpp GeneratedFiles\Release\moc_axesinputhandler.cpp GeneratedFiles\Release\moc_data.cpp GeneratedFiles\Release\moc_draggableaxes_socket.cpp main.cpp winSocketClient.cpp
         axesinputhandler.cpp
         data.cpp
         draggableaxes_socket.cpp
         moc_axesinputhandler.cpp
         moc_data.cpp
         moc_draggableaxes_socket.cpp
         main.cpp
         winSocketClient.cpp
         正在生成代码...
         C:\ProgrammeFiles\VS2013\VC\bin\x86_amd64\CL.exe /c /I.\GeneratedFiles /I. /ID:\ProGrammeFiles\QT5.7.1\5.7\msvc2013_64\include /I.\GeneratedFiles\Release /ID:\ProGrammeFiles\QT5.7.1\5.7\msvc2013_64\include\QtCore /ID:\ProGrammeFiles\QT5.7.1\5.7\msvc2013_64\include\QtGui /ID:\ProGrammeFiles\QT5.7.1\5.7\msvc2013_64\include\QtWidgets /nologo /W1 /WX- /O2 /D UNICODE /D WIN32 /D WIN64 /D QT_DLL /D QT_NO_DEBUG /D NDEBUG /D QT_CORE_LIB /D QT_GUI_LIB /D QT_WIDGETS_LIB /Gm- /EHsc /MD /GS /fp:precise /Zc:wchar_t /Zc:forScope /Fo"x64\Release\\" /Fd"x64\Release\vc120.pdb" /Gd /TP /errorReport:prompt GeneratedFiles\qrc_draggableaxes_socket.cpp
         qrc_draggableaxes_socket.cpp
       Link:
         C:\ProgrammeFiles\VS2013\VC\bin\x86_amd64\link.exe /ERRORREPORT:PROMPT /OUT:"G:\ProjectFiles\QMLProjectFiles\BAK\Draggableaxes_Socket(receive data.txt)\x64\Release\\Draggableaxes_Socket.exe" /NOLOGO /LIBPATH:D:\ProGrammeFiles\QT5.7.1\5.7\msvc2013_64\lib qtmain.lib Qt5Core.lib Qt5Gui.lib Qt5Widgets.lib kernel32.lib user32.lib gdi32.lib winspool.lib comdlg32.lib advapi32.lib shell32.lib ole32.lib oleaut32.lib uuid.lib odbc32.lib odbccp32.lib /MANIFEST /MANIFESTUAC:"level='asInvoker' uiAccess='false'" /manifest:embed /PDB:"G:\ProjectFiles\QMLProjectFiles\BAK\Draggableaxes_Socket(receive data.txt)\x64\Release\Draggableaxes_Socket.pdb" /SUBSYSTEM:WINDOWS /TLBID:1 /DYNAMICBASE /NXCOMPAT /IMPLIB:"G:\ProjectFiles\QMLProjectFiles\BAK\Draggableaxes_Socket(receive data.txt)\x64\Release\Draggableaxes_Socket.lib" /MACHINE:X64 x64\Release\axesinputhandler.obj
         x64\Release\data.obj
         x64\Release\draggableaxes_socket.obj
         x64\Release\qrc_draggableaxes_socket.obj
         x64\Release\moc_axesinputhandler.obj
         x64\Release\moc_data.obj
         x64\Release\moc_draggableaxes_socket.obj
         x64\Release\main.obj
         x64\Release\winSocketClient.obj
     1>axesinputhandler.obj : error LNK2019: 无法解析的外部符号 "__declspec(dllimport) public: float __cdecl QtDataVisualization::Q3DCamera::xRotation(void)const " (__imp_?xRotation@Q3DCamera@QtDataVisualization@@QEBAMXZ)，该符号在函数 "private: void __cdecl AxesInputHandler::handleAxisDragging(void)" (?handleAxisDragging@AxesInputHandler@@AEAAXXZ) 中被引用
     1>axesinputhandler.obj : error LNK2019: 无法解析的外部符号 "__declspec(dllimport) public: float __cdecl QtDataVisualization::Q3DCamera::yRotation(void)const " (__imp_?yRotation@Q3DCamera@QtDataVisualization@@QEBAMXZ)，该符号在函数 "private: void __cdecl AxesInputHandler::handleAxisDragging(void)" (?handleAxisDragging@AxesInputHandler@@AEAAXXZ) 中被引用
     1>axesinputhandler.obj : error LNK2019: 无法解析的外部符号 "__declspec(dllimport) public: class QtDataVisualization::Q3DCamera * __cdecl QtDataVisualization::Q3DScene::activeCamera(void)const " (__imp_?activeCamera@Q3DScene@QtDataVisualization@@QEBAPEAVQ3DCamera@2@XZ)，该符号在函数 "private: void __cdecl AxesInputHandler::handleAxisDragging(void)" (?handleAxisDragging@AxesInputHandler@@AEAAXXZ) 中被引用
     1>data.obj : error LNK2001: 无法解析的外部符号 "__declspec(dllimport) public: class QtDataVisualization::Q3DCamera * __cdecl QtDataVisualization::Q3DScene::activeCamera(void)const " (__imp_?activeCamera@Q3DScene@QtDataVisualization@@QEBAPEAVQ3DCamera@2@XZ)
     1>axesinputhandler.obj : error LNK2019: 无法解析的外部符号 "__declspec(dllimport) public: class QPoint __cdecl QtDataVisualization::QAbstract3DInputHandler::inputPosition(void)const " (__imp_?inputPosition@QAbstract3DInputHandler@QtDataVisualization@@QEBA?AVQPoint@@XZ)，该符号在函数 "private: void __cdecl AxesInputHandler::handleAxisDragging(void)" (?handleAxisDragging@AxesInputHandler@@AEAAXXZ) 中被引用
     1>axesinputhandler.obj : error LNK2019: 无法解析的外部符号 "__declspec(dllimport) public: void __cdecl QtDataVisualization::QAbstract3DInputHandler::setInputPosition(class QPoint const &)" (__imp_?setInputPosition@QAbstract3DInputHandler@QtDataVisualization@@QEAAXAEBVQPoint@@@Z)，该符号在函数 "public: virtual void __cdecl AxesInputHandler::mouseMoveEvent(class QMouseEvent *,class QPoint const &)" (?mouseMoveEvent@AxesInputHandler@@UEAAXPEAVQMouseEvent@@AEBVQPoint@@@Z) 中被引用
     1>axesinputhandler.obj : error LNK2019: 无法解析的外部符号 "__declspec(dllimport) public: class QtDataVisualization::Q3DScene * __cdecl QtDataVisualization::QAbstract3DInputHandler::scene(void)const " (__imp_?scene@QAbstract3DInputHandler@QtDataVisualization@@QEBAPEAVQ3DScene@2@XZ)，该符号在函数 "private: void __cdecl AxesInputHandler::handleAxisDragging(void)" (?handleAxisDragging@AxesInputHandler@@AEAAXXZ) 中被引用
     1>axesinputhandler.obj : error LNK2019: 无法解析的外部符号 "__declspec(dllimport) protected: void __cdecl QtDataVisualization::QAbstract3DInputHandler::setPreviousInputPos(class QPoint const &)" (__imp_?setPreviousInputPos@QAbstract3DInputHandler@QtDataVisualization@@IEAAXAEBVQPoint@@@Z)，该符号在函数 "public: virtual void __cdecl AxesInputHandler::mouseMoveEvent(class QMouseEvent *,class QPoint const &)" (?mouseMoveEvent@AxesInputHandler@@UEAAXPEAVQMouseEvent@@AEBVQPoint@@@Z) 中被引用
     1>axesinputhandler.obj : error LNK2019: 无法解析的外部符号 "__declspec(dllimport) protected: class QPoint __cdecl QtDataVisualization::QAbstract3DInputHandler::previousInputPos(void)const " (__imp_?previousInputPos@QAbstract3DInputHandler@QtDataVisualization@@IEBA?AVQPoint@@XZ)，该符号在函数 "private: void __cdecl AxesInputHandler::handleAxisDragging(void)" (?handleAxisDragging@AxesInputHandler@@AEAAXXZ) 中被引用
     1>axesinputhandler.obj : error LNK2019: 无法解析的外部符号 "__declspec(dllimport) public: __cdecl QtDataVisualization::Q3DInputHandler::Q3DInputHandler(class QObject *)" (__imp_??0Q3DInputHandler@QtDataVisualization@@QEAA@PEAVQObject@@@Z)，该符号在函数 "public: __cdecl AxesInputHandler::AxesInputHandler(class QtDataVisualization::QAbstract3DGraph *,class QObject *)" (??0AxesInputHandler@@QEAA@PEAVQAbstract3DGraph@QtDataVisualization@@PEAVQObject@@@Z) 中被引用
     1>axesinputhandler.obj : error LNK2019: 无法解析的外部符号 "__declspec(dllimport) public: virtual __cdecl QtDataVisualization::Q3DInputHandler::~Q3DInputHandler(void)" (__imp_??1Q3DInputHandler@QtDataVisualization@@UEAA@XZ)，该符号在函数 "int `public: __cdecl AxesInputHandler::AxesInputHandler(class QtDataVisualization::QAbstract3DGraph *,class QObject *)'::`1'::dtor$0" (?dtor$0@?0???0AxesInputHandler@@QEAA@PEAVQAbstract3DGraph@QtDataVisualization@@PEAVQObject@@@Z@4HA) 中被引用
     1>axesinputhandler.obj : error LNK2019: 无法解析的外部符号 "__declspec(dllimport) public: virtual void __cdecl QtDataVisualization::Q3DInputHandler::mousePressEvent(class QMouseEvent *,class QPoint const &)" (__imp_?mousePressEvent@Q3DInputHandler@QtDataVisualization@@UEAAXPEAVQMouseEvent@@AEBVQPoint@@@Z)，该符号在函数 "public: virtual void __cdecl AxesInputHandler::mousePressEvent(class QMouseEvent *,class QPoint const &)" (?mousePressEvent@AxesInputHandler@@UEAAXPEAVQMouseEvent@@AEBVQPoint@@@Z) 中被引用
     1>axesinputhandler.obj : error LNK2019: 无法解析的外部符号 "__declspec(dllimport) public: virtual void __cdecl QtDataVisualization::Q3DInputHandler::mouseReleaseEvent(class QMouseEvent *,class QPoint const &)" (__imp_?mouseReleaseEvent@Q3DInputHandler@QtDataVisualization@@UEAAXPEAVQMouseEvent@@AEBVQPoint@@@Z)，该符号在函数 "public: virtual void __cdecl AxesInputHandler::mouseReleaseEvent(class QMouseEvent *,class QPoint const &)" (?mouseReleaseEvent@AxesInputHandler@@UEAAXPEAVQMouseEvent@@AEBVQPoint@@@Z) 中被引用
     1>axesinputhandler.obj : error LNK2019: 无法解析的外部符号 "__declspec(dllimport) public: virtual void __cdecl QtDataVisualization::Q3DInputHandler::mouseMoveEvent(class QMouseEvent *,class QPoint const &)" (__imp_?mouseMoveEvent@Q3DInputHandler@QtDataVisualization@@UEAAXPEAVQMouseEvent@@AEBVQPoint@@@Z)，该符号在函数 "public: virtual void __cdecl AxesInputHandler::mouseMoveEvent(class QMouseEvent *,class QPoint const &)" (?mouseMoveEvent@AxesInputHandler@@UEAAXPEAVQMouseEvent@@AEBVQPoint@@@Z) 中被引用
     1>axesinputhandler.obj : error LNK2019: 无法解析的外部符号 "__declspec(dllimport) public: void __cdecl QtDataVisualization::QAbstract3DGraph::selectedElementChanged(enum QtDataVisualization::QAbstract3DGraph::ElementType)" (__imp_?selectedElementChanged@QAbstract3DGraph@QtDataVisualization@@QEAAXW4ElementType@12@@Z)，该符号在函数 "public: __cdecl AxesInputHandler::AxesInputHandler(class QtDataVisualization::QAbstract3DGraph *,class QObject *)" (??0AxesInputHandler@@QEAA@PEAVQAbstract3DGraph@QtDataVisualization@@PEAVQObject@@@Z) 中被引用
     1>axesinputhandler.obj : error LNK2019: 无法解析的外部符号 "__declspec(dllimport) public: float __cdecl QtDataVisualization::QAbstract3DAxis::min(void)const " (__imp_?min@QAbstract3DAxis@QtDataVisualization@@QEBAMXZ)，该符号在函数 "private: void __cdecl AxesInputHandler::handleAxisDragging(void)" (?handleAxisDragging@AxesInputHandler@@AEAAXXZ) 中被引用
     1>axesinputhandler.obj : error LNK2019: 无法解析的外部符号 "__declspec(dllimport) public: float __cdecl QtDataVisualization::QAbstract3DAxis::max(void)const " (__imp_?max@QAbstract3DAxis@QtDataVisualization@@QEBAMXZ)，该符号在函数 "private: void __cdecl AxesInputHandler::handleAxisDragging(void)" (?handleAxisDragging@AxesInputHandler@@AEAAXXZ) 中被引用
     1>axesinputhandler.obj : error LNK2019: 无法解析的外部符号 "__declspec(dllimport) public: void __cdecl QtDataVisualization::QAbstract3DAxis::setRange(float,float)" (__imp_?setRange@QAbstract3DAxis@QtDataVisualization@@QEAAXMM@Z)，该符号在函数 "private: void __cdecl AxesInputHandler::handleAxisDragging(void)" (?handleAxisDragging@AxesInputHandler@@AEAAXXZ) 中被引用
     1>data.obj : error LNK2001: 无法解析的外部符号 "__declspec(dllimport) public: void __cdecl QtDataVisualization::QAbstract3DAxis::setRange(float,float)" (__imp_?setRange@QAbstract3DAxis@QtDataVisualization@@QEAAXMM@Z)
     1>axesinputhandler.obj : error LNK2001: 无法解析的外部符号 "public: virtual void __cdecl QtDataVisualization::QAbstract3DInputHandler::mouseDoubleClickEvent(class QMouseEvent *)" (?mouseDoubleClickEvent@QAbstract3DInputHandler@QtDataVisualization@@UEAAXPEAVQMouseEvent@@@Z)
     1>axesinputhandler.obj : error LNK2001: 无法解析的外部符号 "public: virtual void __cdecl QtDataVisualization::QAbstract3DInputHandler::touchEvent(class QTouchEvent *)" (?touchEvent@QAbstract3DInputHandler@QtDataVisualization@@UEAAXPEAVQTouchEvent@@@Z)
     1>axesinputhandler.obj : error LNK2001: 无法解析的外部符号 "public: virtual void __cdecl QtDataVisualization::Q3DInputHandler::wheelEvent(class QWheelEvent *)" (?wheelEvent@Q3DInputHandler@QtDataVisualization@@UEAAXPEAVQWheelEvent@@@Z)
     1>axesinputhandler.obj : error LNK2019: 无法解析的外部符号 "__declspec(dllimport) public: static struct QMetaObject const QtDataVisualization::QAbstract3DGraph::staticMetaObject" (__imp_?staticMetaObject@QAbstract3DGraph@QtDataVisualization@@2UQMetaObject@@B)，该符号在函数 "public: static class QMetaObject::Connection __cdecl QObject::connect<void (__cdecl QtDataVisualization::QAbstract3DGraph::*)(enum QtDataVisualization::QAbstract3DGraph::ElementType),void (__cdecl AxesInputHandler::*)(enum QtDataVisualization::QAbstract3DGraph::ElementType)>(class QtDataVisualization::QAbstract3DGraph const *,void (__cdecl QtDataVisualization::QAbstract3DGraph::*)(enum QtDataVisualization::QAbstract3DGraph::ElementType),class AxesInputHandler const *,void (__cdecl AxesInputHandler::*)(enum QtDataVisualization::QAbstract3DGraph::ElementType),enum Qt::ConnectionType)" (??$connect@P8QAbstract3DGraph@QtDataVisualization@@EAAXW4ElementType@12@@ZP8AxesInputHandler@@EAAX0@Z@QObject@@SA?AVConnection@QMetaObject@@PEBVQAbstract3DGraph@QtDataVisualization@@P834@EAAXW4ElementType@34@@ZPEBVAxesInputHandler@@P86@EAAX1@ZW4ConnectionType@Qt@@@Z) 中被引用
     1>data.obj : error LNK2019: 无法解析的外部符号 "__declspec(dllimport) public: void __cdecl QtDataVisualization::Q3DCamera::setCameraPreset(enum QtDataVisualization::Q3DCamera::CameraPreset)" (__imp_?setCameraPreset@Q3DCamera@QtDataVisualization@@QEAAXW4CameraPreset@12@@Z)，该符号在函数 "public: __cdecl Data::Data(class QtDataVisualization::Q3DScatter *)" (??0Data@@QEAA@PEAVQ3DScatter@QtDataVisualization@@@Z) 中被引用
     1>data.obj : error LNK2019: 无法解析的外部符号 "__declspec(dllimport) public: void __cdecl QtDataVisualization::Q3DTheme::setType(enum QtDataVisualization::Q3DTheme::Theme)" (__imp_?setType@Q3DTheme@QtDataVisualization@@QEAAXW4Theme@12@@Z)，该符号在函数 "public: __cdecl Data::Data(class QtDataVisualization::Q3DScatter *)" (??0Data@@QEAA@PEAVQ3DScatter@QtDataVisualization@@@Z) 中被引用
     1>data.obj : error LNK2019: 无法解析的外部符号 "__declspec(dllimport) public: void __cdecl QtDataVisualization::Q3DTheme::setLabelTextColor(class QColor const &)" (__imp_?setLabelTextColor@Q3DTheme@QtDataVisualization@@QEAAXAEBVQColor@@@Z)，该符号在函数 "public: __cdecl Data::Data(class QtDataVisualization::Q3DScatter *)" (??0Data@@QEAA@PEAVQ3DScatter@QtDataVisualization@@@Z) 中被引用
     1>data.obj : error LNK2019: 无法解析的外部符号 "__declspec(dllimport) public: void __cdecl QtDataVisualization::Q3DTheme::setLabelBackgroundColor(class QColor const &)" (__imp_?setLabelBackgroundColor@Q3DTheme@QtDataVisualization@@QEAAXAEBVQColor@@@Z)，该符号在函数 "public: __cdecl Data::Data(class QtDataVisualization::Q3DScatter *)" (??0Data@@QEAA@PEAVQ3DScatter@QtDataVisualization@@@Z) 中被引用
     1>data.obj : error LNK2019: 无法解析的外部符号 "__declspec(dllimport) public: void __cdecl QtDataVisualization::Q3DTheme::setLabelBorderEnabled(bool)" (__imp_?setLabelBorderEnabled@Q3DTheme@QtDataVisualization@@QEAAX_N@Z)，该符号在函数 "public: __cdecl Data::Data(class QtDataVisualization::Q3DScatter *)" (??0Data@@QEAA@PEAVQ3DScatter@QtDataVisualization@@@Z) 中被引用
     1>data.obj : error LNK2019: 无法解析的外部符号 "__declspec(dllimport) public: void __cdecl QtDataVisualization::Q3DTheme::setFont(class QFont const &)" (__imp_?setFont@Q3DTheme@QtDataVisualization@@QEAAXAEBVQFont@@@Z)，该符号在函数 "public: __cdecl Data::Data(class QtDataVisualization::Q3DScatter *)" (??0Data@@QEAA@PEAVQ3DScatter@QtDataVisualization@@@Z) 中被引用
     1>data.obj : error LNK2019: 无法解析的外部符号 "__declspec(dllimport) public: void __cdecl QtDataVisualization::QAbstract3DGraph::setActiveInputHandler(class QtDataVisualization::QAbstract3DInputHandler *)" (__imp_?setActiveInputHandler@QAbstract3DGraph@QtDataVisualization@@QEAAXPEAVQAbstract3DInputHandler@2@@Z)，该符号在函数 "public: __cdecl Data::Data(class QtDataVisualization::Q3DScatter *)" (??0Data@@QEAA@PEAVQ3DScatter@QtDataVisualization@@@Z) 中被引用
     1>data.obj : error LNK2019: 无法解析的外部符号 "__declspec(dllimport) public: class QtDataVisualization::Q3DTheme * __cdecl QtDataVisualization::QAbstract3DGraph::activeTheme(void)const " (__imp_?activeTheme@QAbstract3DGraph@QtDataVisualization@@QEBAPEAVQ3DTheme@2@XZ)，该符号在函数 "public: __cdecl Data::Data(class QtDataVisualization::Q3DScatter *)" (??0Data@@QEAA@PEAVQ3DScatter@QtDataVisualization@@@Z) 中被引用
     1>data.obj : error LNK2019: 无法解析的外部符号 "__declspec(dllimport) public: void __cdecl QtDataVisualization::QAbstract3DGraph::setShadowQuality(enum QtDataVisualization::QAbstract3DGraph::ShadowQuality)" (__imp_?setShadowQuality@QAbstract3DGraph@QtDataVisualization@@QEAAXW4ShadowQuality@12@@Z)，该符号在函数 "public: __cdecl Data::Data(class QtDataVisualization::Q3DScatter *)" (??0Data@@QEAA@PEAVQ3DScatter@QtDataVisualization@@@Z) 中被引用
     1>data.obj : error LNK2019: 无法解析的外部符号 "__declspec(dllimport) public: class QtDataVisualization::Q3DScene * __cdecl QtDataVisualization::QAbstract3DGraph::scene(void)const " (__imp_?scene@QAbstract3DGraph@QtDataVisualization@@QEBAPEAVQ3DScene@2@XZ)，该符号在函数 "public: __cdecl Data::Data(class QtDataVisualization::Q3DScatter *)" (??0Data@@QEAA@PEAVQ3DScatter@QtDataVisualization@@@Z) 中被引用
     1>data.obj : error LNK2019: 无法解析的外部符号 "__declspec(dllimport) public: void __cdecl QtDataVisualization::QAbstract3DAxis::setAutoAdjustRange(bool)" (__imp_?setAutoAdjustRange@QAbstract3DAxis@QtDataVisualization@@QEAAX_N@Z)，该符号在函数 "public: void __cdecl Data::toggleRanges(void)" (?toggleRanges@Data@@QEAAXXZ) 中被引用
     1>data.obj : error LNK2019: 无法解析的外部符号 "__declspec(dllimport) public: void __cdecl QtDataVisualization::QAbstract3DSeries::setItemLabelFormat(class QString const &)" (__imp_?setItemLabelFormat@QAbstract3DSeries@QtDataVisualization@@QEAAXAEBVQString@@@Z)，该符号在函数 "private: void __cdecl Data::addData(void)" (?addData@Data@@AEAAXXZ) 中被引用
     1>data.obj : error LNK2019: 无法解析的外部符号 "__declspec(dllimport) public: void __cdecl QtDataVisualization::QAbstract3DSeries::setMesh(enum QtDataVisualization::QAbstract3DSeries::Mesh)" (__imp_?setMesh@QAbstract3DSeries@QtDataVisualization@@QEAAXW4Mesh@12@@Z)，该符号在函数 "private: void __cdecl Data::addData(void)" (?addData@Data@@AEAAXXZ) 中被引用
     1>data.obj : error LNK2019: 无法解析的外部符号 "__declspec(dllimport) public: void __cdecl QtDataVisualization::QAbstract3DSeries::setMeshSmooth(bool)" (__imp_?setMeshSmooth@QAbstract3DSeries@QtDataVisualization@@QEAAX_N@Z)，该符号在函数 "private: void __cdecl Data::addData(void)" (?addData@Data@@AEAAXXZ) 中被引用
     1>data.obj : error LNK2019: 无法解析的外部符号 "__declspec(dllimport) public: __cdecl QtDataVisualization::QScatterDataItem::QScatterDataItem(void)" (__imp_??0QScatterDataItem@QtDataVisualization@@QEAA@XZ)，该符号在函数 "private: void __cdecl QVector<class QtDataVisualization::QScatterDataItem>::defaultConstruct(class QtDataVisualization::QScatterDataItem *,class QtDataVisualization::QScatterDataItem *)" (?defaultConstruct@?$QVector@VQScatterDataItem@QtDataVisualization@@@@AEAAXPEAVQScatterDataItem@QtDataVisualization@@0@Z) 中被引用
     1>data.obj : error LNK2019: 无法解析的外部符号 "__declspec(dllimport) public: __cdecl QtDataVisualization::QScatterDataItem::QScatterDataItem(class QtDataVisualization::QScatterDataItem const &)" (__imp_??0QScatterDataItem@QtDataVisualization@@QEAA@AEBV01@@Z)，该符号在函数 "private: void __cdecl QVector<class QtDataVisualization::QScatterDataItem>::reallocData(int,int,class QFlags<enum QArrayData::AllocationOption>)" (?reallocData@?$QVector@VQScatterDataItem@QtDataVisualization@@@@AEAAXHHV?$QFlags@W4AllocationOption@QArrayData@@@@@Z) 中被引用
     1>data.obj : error LNK2019: 无法解析的外部符号 "__declspec(dllimport) public: __cdecl QtDataVisualization::QScatterDataItem::~QScatterDataItem(void)" (__imp_??1QScatterDataItem@QtDataVisualization@@QEAA@XZ)，该符号在函数 "public: void * __cdecl QtDataVisualization::QScatterDataItem::`scalar deleting destructor'(unsigned int)" (??_GQScatterDataItem@QtDataVisualization@@QEAAPEAXI@Z) 中被引用
     1>data.obj : error LNK2019: 无法解析的外部符号 "__declspec(dllimport) public: void __cdecl QtDataVisualization::QScatterDataItem::setPosition(class QVector3D const &)" (__imp_?setPosition@QScatterDataItem@QtDataVisualization@@QEAAXAEBVQVector3D@@@Z)，该符号在函数 "private: void __cdecl Data::addData(void)" (?addData@Data@@AEAAXXZ) 中被引用
     1>data.obj : error LNK2019: 无法解析的外部符号 "__declspec(dllimport) public: void __cdecl QtDataVisualization::QScatterDataProxy::resetArray(class QVector<class QtDataVisualization::QScatterDataItem> *)" (__imp_?resetArray@QScatterDataProxy@QtDataVisualization@@QEAAXPEAV?$QVector@VQScatterDataItem@QtDataVisualization@@@@@Z)，该符号在函数 "private: void __cdecl Data::addData(void)" (?addData@Data@@AEAAXXZ) 中被引用
     1>data.obj : error LNK2019: 无法解析的外部符号 "__declspec(dllimport) public: __cdecl QtDataVisualization::QScatter3DSeries::QScatter3DSeries(class QObject *)" (__imp_??0QScatter3DSeries@QtDataVisualization@@QEAA@PEAVQObject@@@Z)，该符号在函数 "private: void __cdecl Data::addData(void)" (?addData@Data@@AEAAXXZ) 中被引用
     1>data.obj : error LNK2019: 无法解析的外部符号 "__declspec(dllimport) public: virtual __cdecl QtDataVisualization::QScatter3DSeries::~QScatter3DSeries(void)" (__imp_??1QScatter3DSeries@QtDataVisualization@@UEAA@XZ)，该符号在函数 "public: virtual void * __cdecl QtDataVisualization::QScatter3DSeries::`scalar deleting destructor'(unsigned int)" (??_GQScatter3DSeries@QtDataVisualization@@UEAAPEAXI@Z) 中被引用
     1>data.obj : error LNK2019: 无法解析的外部符号 "__declspec(dllimport) public: class QtDataVisualization::QScatterDataProxy * __cdecl QtDataVisualization::QScatter3DSeries::dataProxy(void)const " (__imp_?dataProxy@QScatter3DSeries@QtDataVisualization@@QEBAPEAVQScatterDataProxy@2@XZ)，该符号在函数 "private: void __cdecl Data::addData(void)" (?addData@Data@@AEAAXXZ) 中被引用
     1>data.obj : error LNK2019: 无法解析的外部符号 "__declspec(dllimport) public: void __cdecl QtDataVisualization::QScatter3DSeries::setItemSize(float)" (__imp_?setItemSize@QScatter3DSeries@QtDataVisualization@@QEAAXM@Z)，该符号在函数 "private: void __cdecl Data::addData(void)" (?addData@Data@@AEAAXXZ) 中被引用
     1>data.obj : error LNK2019: 无法解析的外部符号 "__declspec(dllimport) public: void __cdecl QtDataVisualization::Q3DScatter::addSeries(class QtDataVisualization::QScatter3DSeries *)" (__imp_?addSeries@Q3DScatter@QtDataVisualization@@QEAAXPEAVQScatter3DSeries@2@@Z)，该符号在函数 "private: void __cdecl Data::addData(void)" (?addData@Data@@AEAAXXZ) 中被引用
     1>data.obj : error LNK2019: 无法解析的外部符号 "__declspec(dllimport) public: class QList<class QtDataVisualization::QScatter3DSeries *> __cdecl QtDataVisualization::Q3DScatter::seriesList(void)const " (__imp_?seriesList@Q3DScatter@QtDataVisualization@@QEBA?AV?$QList@PEAVQScatter3DSeries@QtDataVisualization@@@@XZ)，该符号在函数 "private: void __cdecl Data::addData(void)" (?addData@Data@@AEAAXXZ) 中被引用
     1>data.obj : error LNK2019: 无法解析的外部符号 "__declspec(dllimport) public: class QtDataVisualization::QValue3DAxis * __cdecl QtDataVisualization::Q3DScatter::axisX(void)const " (__imp_?axisX@Q3DScatter@QtDataVisualization@@QEBAPEAVQValue3DAxis@2@XZ)，该符号在函数 "public: __cdecl Data::Data(class QtDataVisualization::Q3DScatter *)" (??0Data@@QEAA@PEAVQ3DScatter@QtDataVisualization@@@Z) 中被引用
     1>data.obj : error LNK2019: 无法解析的外部符号 "__declspec(dllimport) public: class QtDataVisualization::QValue3DAxis * __cdecl QtDataVisualization::Q3DScatter::axisY(void)const " (__imp_?axisY@Q3DScatter@QtDataVisualization@@QEBAPEAVQValue3DAxis@2@XZ)，该符号在函数 "public: __cdecl Data::Data(class QtDataVisualization::Q3DScatter *)" (??0Data@@QEAA@PEAVQ3DScatter@QtDataVisualization@@@Z) 中被引用
     1>data.obj : error LNK2019: 无法解析的外部符号 "__declspec(dllimport) public: class QtDataVisualization::QValue3DAxis * __cdecl QtDataVisualization::Q3DScatter::axisZ(void)const " (__imp_?axisZ@Q3DScatter@QtDataVisualization@@QEBAPEAVQValue3DAxis@2@XZ)，该符号在函数 "public: __cdecl Data::Data(class QtDataVisualization::Q3DScatter *)" (??0Data@@QEAA@PEAVQ3DScatter@QtDataVisualization@@@Z) 中被引用
     1>data.obj : error LNK2001: 无法解析的外部符号 "public: virtual struct QMetaObject const * __cdecl QtDataVisualization::QScatter3DSeries::metaObject(void)const " (?metaObject@QScatter3DSeries@QtDataVisualization@@UEBAPEBUQMetaObject@@XZ)
     1>data.obj : error LNK2001: 无法解析的外部符号 "public: virtual int __cdecl QtDataVisualization::QScatter3DSeries::qt_metacall(enum QMetaObject::Call,int,void * *)" (?qt_metacall@QScatter3DSeries@QtDataVisualization@@UEAAHW4Call@QMetaObject@@HPEAPEAX@Z)
     1>data.obj : error LNK2001: 无法解析的外部符号 "public: virtual void * __cdecl QtDataVisualization::QScatter3DSeries::qt_metacast(char const *)" (?qt_metacast@QScatter3DSeries@QtDataVisualization@@UEAAPEAXPEBD@Z)
     1>moc_axesinputhandler.obj : error LNK2019: 无法解析的外部符号 "__declspec(dllimport) public: virtual void * __cdecl QtDataVisualization::Q3DInputHandler::qt_metacast(char const *)" (__imp_?qt_metacast@Q3DInputHandler@QtDataVisualization@@UEAAPEAXPEBD@Z)，该符号在函数 "public: virtual void * __cdecl AxesInputHandler::qt_metacast(char const *)" (?qt_metacast@AxesInputHandler@@UEAAPEAXPEBD@Z) 中被引用
     1>moc_axesinputhandler.obj : error LNK2019: 无法解析的外部符号 "__declspec(dllimport) public: virtual int __cdecl QtDataVisualization::Q3DInputHandler::qt_metacall(enum QMetaObject::Call,int,void * *)" (__imp_?qt_metacall@Q3DInputHandler@QtDataVisualization@@UEAAHW4Call@QMetaObject@@HPEAPEAX@Z)，该符号在函数 "public: virtual int __cdecl AxesInputHandler::qt_metacall(enum QMetaObject::Call,int,void * *)" (?qt_metacall@AxesInputHandler@@UEAAHW4Call@QMetaObject@@HPEAPEAX@Z) 中被引用
     1>moc_axesinputhandler.obj : error LNK2019: 无法解析的外部符号 "__declspec(dllimport) public: static struct QMetaObject const QtDataVisualization::Q3DInputHandler::staticMetaObject" (__imp_?staticMetaObject@Q3DInputHandler@QtDataVisualization@@2UQMetaObject@@B)，该符号在函数 "void __cdecl `dynamic initializer for 'public: static struct QMetaObject const AxesInputHandler::staticMetaObject''(void)" (??__E?staticMetaObject@AxesInputHandler@@2UQMetaObject@@B@@YAXXZ) 中被引用
     1>main.obj : error LNK2019: 无法解析的外部符号 "__declspec(dllimport) public: bool __cdecl QtDataVisualization::QAbstract3DGraph::hasContext(void)const " (__imp_?hasContext@QAbstract3DGraph@QtDataVisualization@@QEBA_NXZ)，该符号在函数 main 中被引用
     1>main.obj : error LNK2019: 无法解析的外部符号 "__declspec(dllimport) public: __cdecl QtDataVisualization::Q3DScatter::Q3DScatter(class QSurfaceFormat const *,class QWindow *)" (__imp_??0Q3DScatter@QtDataVisualization@@QEAA@PEBVQSurfaceFormat@@PEAVQWindow@@@Z)，该符号在函数 main 中被引用
     1>main.obj : error LNK2019: 无法解析的外部符号 "__declspec(dllimport) public: virtual __cdecl QtDataVisualization::Q3DScatter::~Q3DScatter(void)" (__imp_??1Q3DScatter@QtDataVisualization@@UEAA@XZ)，该符号在函数 "public: virtual void * __cdecl QtDataVisualization::Q3DScatter::`scalar deleting destructor'(unsigned int)" (??_GQ3DScatter@QtDataVisualization@@UEAAPEAXI@Z) 中被引用
     1>main.obj : error LNK2001: 无法解析的外部符号 "protected: virtual bool __cdecl QtDataVisualization::QAbstract3DGraph::event(class QEvent *)" (?event@QAbstract3DGraph@QtDataVisualization@@MEAA_NPEAVQEvent@@@Z)
     1>main.obj : error LNK2001: 无法解析的外部符号 "protected: virtual void __cdecl QtDataVisualization::QAbstract3DGraph::exposeEvent(class QExposeEvent *)" (?exposeEvent@QAbstract3DGraph@QtDataVisualization@@MEAAXPEAVQExposeEvent@@@Z)
     1>main.obj : error LNK2001: 无法解析的外部符号 "public: virtual struct QMetaObject const * __cdecl QtDataVisualization::Q3DScatter::metaObject(void)const " (?metaObject@Q3DScatter@QtDataVisualization@@UEBAPEBUQMetaObject@@XZ)
     1>main.obj : error LNK2001: 无法解析的外部符号 "protected: virtual void __cdecl QtDataVisualization::QAbstract3DGraph::mouseDoubleClickEvent(class QMouseEvent *)" (?mouseDoubleClickEvent@QAbstract3DGraph@QtDataVisualization@@MEAAXPEAVQMouseEvent@@@Z)
     1>main.obj : error LNK2001: 无法解析的外部符号 "protected: virtual void __cdecl QtDataVisualization::QAbstract3DGraph::mouseMoveEvent(class QMouseEvent *)" (?mouseMoveEvent@QAbstract3DGraph@QtDataVisualization@@MEAAXPEAVQMouseEvent@@@Z)
     1>main.obj : error LNK2001: 无法解析的外部符号 "protected: virtual void __cdecl QtDataVisualization::QAbstract3DGraph::mousePressEvent(class QMouseEvent *)" (?mousePressEvent@QAbstract3DGraph@QtDataVisualization@@MEAAXPEAVQMouseEvent@@@Z)
     1>main.obj : error LNK2001: 无法解析的外部符号 "protected: virtual void __cdecl QtDataVisualization::QAbstract3DGraph::mouseReleaseEvent(class QMouseEvent *)" (?mouseReleaseEvent@QAbstract3DGraph@QtDataVisualization@@MEAAXPEAVQMouseEvent@@@Z)
     1>main.obj : error LNK2001: 无法解析的外部符号 "public: virtual int __cdecl QtDataVisualization::Q3DScatter::qt_metacall(enum QMetaObject::Call,int,void * *)" (?qt_metacall@Q3DScatter@QtDataVisualization@@UEAAHW4Call@QMetaObject@@HPEAPEAX@Z)
     1>main.obj : error LNK2001: 无法解析的外部符号 "public: virtual void * __cdecl QtDataVisualization::Q3DScatter::qt_metacast(char const *)" (?qt_metacast@Q3DScatter@QtDataVisualization@@UEAAPEAXPEBD@Z)
     1>main.obj : error LNK2001: 无法解析的外部符号 "protected: virtual void __cdecl QtDataVisualization::QAbstract3DGraph::resizeEvent(class QResizeEvent *)" (?resizeEvent@QAbstract3DGraph@QtDataVisualization@@MEAAXPEAVQResizeEvent@@@Z)
     1>main.obj : error LNK2001: 无法解析的外部符号 "public: virtual bool __cdecl QtDataVisualization::QAbstract3DGraph::shadowsSupported(void)const " (?shadowsSupported@QAbstract3DGraph@QtDataVisualization@@UEBA_NXZ)
     1>main.obj : error LNK2001: 无法解析的外部符号 "protected: virtual void __cdecl QtDataVisualization::QAbstract3DGraph::touchEvent(class QTouchEvent *)" (?touchEvent@QAbstract3DGraph@QtDataVisualization@@MEAAXPEAVQTouchEvent@@@Z)
     1>main.obj : error LNK2001: 无法解析的外部符号 "protected: virtual void __cdecl QtDataVisualization::QAbstract3DGraph::wheelEvent(class QWheelEvent *)" (?wheelEvent@QAbstract3DGraph@QtDataVisualization@@MEAAXPEAVQWheelEvent@@@Z)
     1>G:\ProjectFiles\QMLProjectFiles\BAK\Draggableaxes_Socket(receive data.txt)\x64\Release\\Draggableaxes_Socket.exe : fatal error LNK1120: 71 个无法解析的外部命令
     1>已完成生成项目“G:\ProjectFiles\QMLProjectFiles\BAK\Draggableaxes_Socket(receive data.txt)\Draggableaxes_Socket\Draggableaxes_Socket.vcxproj”(Build 个目标)的操作 - 失败。

生成失败。

已用时间 00:00:15.69
